2024-03-21 00:28:11,139 [INFO] rishav.example.SpringRestDemo.SpringRestDemoApplication [main] Starting SpringRestDemoApplication using Java 17.0.7 with PID 11796 (G:\SpringBoot Projects\SpringRestDemo\target\classes started by ASUS in G:\SpringBoot Projects\SpringRestDemo)
2024-03-21 00:28:11,154 [DEBUG] rishav.example.SpringRestDemo.SpringRestDemoApplication [main] Running with Spring Boot v3.2.3, Spring v6.1.4
2024-03-21 00:28:11,157 [INFO] rishav.example.SpringRestDemo.SpringRestDemoApplication [main] No active profile set, falling back to 1 default profile: "default"
2024-03-21 00:28:14,722 [INFO] org.springframework.data.repository.config.RepositoryConfigurationDelegate [main] Bootstrapping Spring Data JPA repositories in DEFAULT mode.
2024-03-21 00:28:14,852 [INFO] org.springframework.data.repository.config.RepositoryConfigurationDelegate [main] Finished Spring Data repository scanning in 100 ms. Found 3 JPA repository interfaces.
2024-03-21 00:28:16,934 [INFO] org.springframework.boot.web.embedded.tomcat.TomcatWebServer [main] Tomcat initialized with port 8091 (http)
2024-03-21 00:28:16,962 [INFO] org.apache.catalina.core.StandardService [main] Starting service [Tomcat]
2024-03-21 00:28:16,964 [INFO] org.apache.catalina.core.StandardEngine [main] Starting Servlet engine: [Apache Tomcat/10.1.19]
2024-03-21 00:28:17,149 [INFO] org.apache.catalina.core.ContainerBase.[Tomcat].[localhost].[/] [main] Initializing Spring embedded WebApplicationContext
2024-03-21 00:28:17,150 [INFO] org.springframework.boot.web.servlet.context.ServletWebServerApplicationContext [main] Root WebApplicationContext: initialization completed in 5774 ms
2024-03-21 00:28:17,762 [INFO] org.hibernate.jpa.internal.util.LogHelper [main] HHH000204: Processing PersistenceUnitInfo [name: default]
2024-03-21 00:28:17,947 [INFO] org.hibernate.Version [main] HHH000412: Hibernate ORM core version 6.4.4.Final
2024-03-21 00:28:18,059 [INFO] org.hibernate.cache.internal.RegionFactoryInitiator [main] HHH000026: Second-level cache disabled
2024-03-21 00:28:18,272 [DEBUG] org.hibernate.type.BasicTypeRegistry [main] Adding type registration boolean -> org.hibernate.type.BasicTypeReference@51e8d066
2024-03-21 00:28:18,273 [DEBUG] org.hibernate.type.BasicTypeRegistry [main] Adding type registration boolean -> org.hibernate.type.BasicTypeReference@51e8d066
2024-03-21 00:28:18,274 [DEBUG] org.hibernate.type.BasicTypeRegistry [main] Adding type registration java.lang.Boolean -> org.hibernate.type.BasicTypeReference@51e8d066
2024-03-21 00:28:18,275 [DEBUG] org.hibernate.type.BasicTypeRegistry [main] Adding type registration numeric_boolean -> org.hibernate.type.BasicTypeReference@5333f08f
2024-03-21 00:28:18,279 [DEBUG] org.hibernate.type.BasicTypeRegistry [main] Adding type registration org.hibernate.type.NumericBooleanConverter -> org.hibernate.type.BasicTypeReference@5333f08f
2024-03-21 00:28:18,280 [DEBUG] org.hibernate.type.BasicTypeRegistry [main] Adding type registration true_false -> org.hibernate.type.BasicTypeReference@27898e13
2024-03-21 00:28:18,282 [DEBUG] org.hibernate.type.BasicTypeRegistry [main] Adding type registration org.hibernate.type.TrueFalseConverter -> org.hibernate.type.BasicTypeReference@27898e13
2024-03-21 00:28:18,284 [DEBUG] org.hibernate.type.BasicTypeRegistry [main] Adding type registration yes_no -> org.hibernate.type.BasicTypeReference@4f5f474c
2024-03-21 00:28:18,286 [DEBUG] org.hibernate.type.BasicTypeRegistry [main] Adding type registration org.hibernate.type.YesNoConverter -> org.hibernate.type.BasicTypeReference@4f5f474c
2024-03-21 00:28:18,288 [DEBUG] org.hibernate.type.BasicTypeRegistry [main] Adding type registration byte -> org.hibernate.type.BasicTypeReference@58a3d521
2024-03-21 00:28:18,291 [DEBUG] org.hibernate.type.BasicTypeRegistry [main] Adding type registration byte -> org.hibernate.type.BasicTypeReference@58a3d521
2024-03-21 00:28:18,292 [DEBUG] org.hibernate.type.BasicTypeRegistry [main] Adding type registration java.lang.Byte -> org.hibernate.type.BasicTypeReference@58a3d521
2024-03-21 00:28:18,296 [DEBUG] org.hibernate.type.BasicTypeRegistry [main] Adding type registration binary -> org.hibernate.type.BasicTypeReference@14d8e132
2024-03-21 00:28:18,298 [DEBUG] org.hibernate.type.BasicTypeRegistry [main] Adding type registration byte[] -> org.hibernate.type.BasicTypeReference@14d8e132
2024-03-21 00:28:18,299 [DEBUG] org.hibernate.type.BasicTypeRegistry [main] Adding type registration [B -> org.hibernate.type.BasicTypeReference@14d8e132
2024-03-21 00:28:18,301 [DEBUG] org.hibernate.type.BasicTypeRegistry [main] Adding type registration binary_wrapper -> org.hibernate.type.BasicTypeReference@c568f91
2024-03-21 00:28:18,306 [DEBUG] org.hibernate.type.BasicTypeRegistry [main] Adding type registration wrapper-binary -> org.hibernate.type.BasicTypeReference@c568f91
2024-03-21 00:28:18,308 [DEBUG] org.hibernate.type.BasicTypeRegistry [main] Adding type registration image -> org.hibernate.type.BasicTypeReference@5fd43e58
2024-03-21 00:28:18,308 [DEBUG] org.hibernate.type.BasicTypeRegistry [main] Adding type registration blob -> org.hibernate.type.BasicTypeReference@70d4f672
2024-03-21 00:28:18,309 [DEBUG] org.hibernate.type.BasicTypeRegistry [main] Adding type registration java.sql.Blob -> org.hibernate.type.BasicTypeReference@70d4f672
2024-03-21 00:28:18,314 [DEBUG] org.hibernate.type.BasicTypeRegistry [main] Adding type registration materialized_blob -> org.hibernate.type.BasicTypeReference@68dfda77
2024-03-21 00:28:18,315 [DEBUG] org.hibernate.type.BasicTypeRegistry [main] Adding type registration materialized_blob_wrapper -> org.hibernate.type.BasicTypeReference@50cdfafa
2024-03-21 00:28:18,316 [DEBUG] org.hibernate.type.BasicTypeRegistry [main] Adding type registration short -> org.hibernate.type.BasicTypeReference@2e952845
2024-03-21 00:28:18,322 [DEBUG] org.hibernate.type.BasicTypeRegistry [main] Adding type registration short -> org.hibernate.type.BasicTypeReference@2e952845
2024-03-21 00:28:18,324 [DEBUG] org.hibernate.type.BasicTypeRegistry [main] Adding type registration java.lang.Short -> org.hibernate.type.BasicTypeReference@2e952845
2024-03-21 00:28:18,325 [DEBUG] org.hibernate.type.BasicTypeRegistry [main] Adding type registration integer -> org.hibernate.type.BasicTypeReference@79252c83
2024-03-21 00:28:18,325 [DEBUG] org.hibernate.type.BasicTypeRegistry [main] Adding type registration int -> org.hibernate.type.BasicTypeReference@79252c83
2024-03-21 00:28:18,330 [DEBUG] org.hibernate.type.BasicTypeRegistry [main] Adding type registration java.lang.Integer -> org.hibernate.type.BasicTypeReference@79252c83
2024-03-21 00:28:18,331 [DEBUG] org.hibernate.type.BasicTypeRegistry [main] Adding type registration long -> org.hibernate.type.BasicTypeReference@6fbf5db2
2024-03-21 00:28:18,332 [DEBUG] org.hibernate.type.BasicTypeRegistry [main] Adding type registration long -> org.hibernate.type.BasicTypeReference@6fbf5db2
2024-03-21 00:28:18,333 [DEBUG] org.hibernate.type.BasicTypeRegistry [main] Adding type registration java.lang.Long -> org.hibernate.type.BasicTypeReference@6fbf5db2
2024-03-21 00:28:18,334 [DEBUG] org.hibernate.type.BasicTypeRegistry [main] Adding type registration float -> org.hibernate.type.BasicTypeReference@509a6095
2024-03-21 00:28:18,345 [DEBUG] org.hibernate.type.BasicTypeRegistry [main] Adding type registration float -> org.hibernate.type.BasicTypeReference@509a6095
2024-03-21 00:28:18,347 [DEBUG] org.hibernate.type.BasicTypeRegistry [main] Adding type registration java.lang.Float -> org.hibernate.type.BasicTypeReference@509a6095
2024-03-21 00:28:18,347 [DEBUG] org.hibernate.type.BasicTypeRegistry [main] Adding type registration double -> org.hibernate.type.BasicTypeReference@57cabdc3
2024-03-21 00:28:18,348 [DEBUG] org.hibernate.type.BasicTypeRegistry [main] Adding type registration double -> org.hibernate.type.BasicTypeReference@57cabdc3
2024-03-21 00:28:18,350 [DEBUG] org.hibernate.type.BasicTypeRegistry [main] Adding type registration java.lang.Double -> org.hibernate.type.BasicTypeReference@57cabdc3
2024-03-21 00:28:18,351 [DEBUG] org.hibernate.type.BasicTypeRegistry [main] Adding type registration big_integer -> org.hibernate.type.BasicTypeReference@75bd28d
2024-03-21 00:28:18,353 [DEBUG] org.hibernate.type.BasicTypeRegistry [main] Adding type registration java.math.BigInteger -> org.hibernate.type.BasicTypeReference@75bd28d
2024-03-21 00:28:18,355 [DEBUG] org.hibernate.type.BasicTypeRegistry [main] Adding type registration big_decimal -> org.hibernate.type.BasicTypeReference@129c4d19
2024-03-21 00:28:18,356 [DEBUG] org.hibernate.type.BasicTypeRegistry [main] Adding type registration java.math.BigDecimal -> org.hibernate.type.BasicTypeReference@129c4d19
2024-03-21 00:28:18,357 [DEBUG] org.hibernate.type.BasicTypeRegistry [main] Adding type registration character -> org.hibernate.type.BasicTypeReference@11810917
2024-03-21 00:28:18,357 [DEBUG] org.hibernate.type.BasicTypeRegistry [main] Adding type registration char -> org.hibernate.type.BasicTypeReference@11810917
2024-03-21 00:28:18,359 [DEBUG] org.hibernate.type.BasicTypeRegistry [main] Adding type registration java.lang.Character -> org.hibernate.type.BasicTypeReference@11810917
2024-03-21 00:28:18,359 [DEBUG] org.hibernate.type.BasicTypeRegistry [main] Adding type registration character_nchar -> org.hibernate.type.BasicTypeReference@13278a41
2024-03-21 00:28:18,363 [DEBUG] org.hibernate.type.BasicTypeRegistry [main] Adding type registration string -> org.hibernate.type.BasicTypeReference@4a31ed12
2024-03-21 00:28:18,364 [DEBUG] org.hibernate.type.BasicTypeRegistry [main] Adding type registration java.lang.String -> org.hibernate.type.BasicTypeReference@4a31ed12
2024-03-21 00:28:18,365 [DEBUG] org.hibernate.type.BasicTypeRegistry [main] Adding type registration nstring -> org.hibernate.type.BasicTypeReference@3ab595c8
2024-03-21 00:28:18,365 [DEBUG] org.hibernate.type.BasicTypeRegistry [main] Adding type registration characters -> org.hibernate.type.BasicTypeReference@2365ea38
2024-03-21 00:28:18,366 [DEBUG] org.hibernate.type.BasicTypeRegistry [main] Adding type registration char[] -> org.hibernate.type.BasicTypeReference@2365ea38
2024-03-21 00:28:18,366 [DEBUG] org.hibernate.type.BasicTypeRegistry [main] Adding type registration [C -> org.hibernate.type.BasicTypeReference@2365ea38
2024-03-21 00:28:18,368 [DEBUG] org.hibernate.type.BasicTypeRegistry [main] Adding type registration wrapper-characters -> org.hibernate.type.BasicTypeReference@cbf1997
2024-03-21 00:28:18,371 [DEBUG] org.hibernate.type.BasicTypeRegistry [main] Adding type registration text -> org.hibernate.type.BasicTypeReference@49232c6f
2024-03-21 00:28:18,372 [DEBUG] org.hibernate.type.BasicTypeRegistry [main] Adding type registration ntext -> org.hibernate.type.BasicTypeReference@5faeeb56
2024-03-21 00:28:18,373 [DEBUG] org.hibernate.type.BasicTypeRegistry [main] Adding type registration clob -> org.hibernate.type.BasicTypeReference@5396eeb1
2024-03-21 00:28:18,374 [DEBUG] org.hibernate.type.BasicTypeRegistry [main] Adding type registration java.sql.Clob -> org.hibernate.type.BasicTypeReference@5396eeb1
2024-03-21 00:28:18,374 [DEBUG] org.hibernate.type.BasicTypeRegistry [main] Adding type registration nclob -> org.hibernate.type.BasicTypeReference@279126f5
2024-03-21 00:28:18,374 [DEBUG] org.hibernate.type.BasicTypeRegistry [main] Adding type registration java.sql.NClob -> org.hibernate.type.BasicTypeReference@279126f5
2024-03-21 00:28:18,374 [DEBUG] org.hibernate.type.BasicTypeRegistry [main] Adding type registration materialized_clob -> org.hibernate.type.BasicTypeReference@7781263c
2024-03-21 00:28:18,374 [DEBUG] org.hibernate.type.BasicTypeRegistry [main] Adding type registration materialized_clob_char_array -> org.hibernate.type.BasicTypeReference@5fdd97c1
2024-03-21 00:28:18,374 [DEBUG] org.hibernate.type.BasicTypeRegistry [main] Adding type registration materialized_clob_character_array -> org.hibernate.type.BasicTypeReference@3b5a19ed
2024-03-21 00:28:18,378 [DEBUG] org.hibernate.type.BasicTypeRegistry [main] Adding type registration materialized_nclob -> org.hibernate.type.BasicTypeReference@15d236fd
2024-03-21 00:28:18,380 [DEBUG] org.hibernate.type.BasicTypeRegistry [main] Adding type registration materialized_nclob_character_array -> org.hibernate.type.BasicTypeReference@6b9c42bd
2024-03-21 00:28:18,381 [DEBUG] org.hibernate.type.BasicTypeRegistry [main] Adding type registration materialized_nclob_char_array -> org.hibernate.type.BasicTypeReference@584ca390
2024-03-21 00:28:18,382 [DEBUG] org.hibernate.type.BasicTypeRegistry [main] Adding type registration Duration -> org.hibernate.type.BasicTypeReference@33324c05
2024-03-21 00:28:18,383 [DEBUG] org.hibernate.type.BasicTypeRegistry [main] Adding type registration java.time.Duration -> org.hibernate.type.BasicTypeReference@33324c05
2024-03-21 00:28:18,384 [DEBUG] org.hibernate.type.BasicTypeRegistry [main] Adding type registration LocalDateTime -> org.hibernate.type.BasicTypeReference@37d3e140
2024-03-21 00:28:18,387 [DEBUG] org.hibernate.type.BasicTypeRegistry [main] Adding type registration java.time.LocalDateTime -> org.hibernate.type.BasicTypeReference@37d3e140
2024-03-21 00:28:18,389 [DEBUG] org.hibernate.type.BasicTypeRegistry [main] Adding type registration LocalDate -> org.hibernate.type.BasicTypeReference@3e53c4ad
2024-03-21 00:28:18,389 [DEBUG] org.hibernate.type.BasicTypeRegistry [main] Adding type registration java.time.LocalDate -> org.hibernate.type.BasicTypeReference@3e53c4ad
2024-03-21 00:28:18,390 [DEBUG] org.hibernate.type.BasicTypeRegistry [main] Adding type registration LocalTime -> org.hibernate.type.BasicTypeReference@33eb0d4
2024-03-21 00:28:18,391 [DEBUG] org.hibernate.type.BasicTypeRegistry [main] Adding type registration java.time.LocalTime -> org.hibernate.type.BasicTypeReference@33eb0d4
2024-03-21 00:28:18,392 [DEBUG] org.hibernate.type.BasicTypeRegistry [main] Adding type registration OffsetDateTime -> org.hibernate.type.BasicTypeReference@224d86d2
2024-03-21 00:28:18,393 [DEBUG] org.hibernate.type.BasicTypeRegistry [main] Adding type registration java.time.OffsetDateTime -> org.hibernate.type.BasicTypeReference@224d86d2
2024-03-21 00:28:18,394 [DEBUG] org.hibernate.type.BasicTypeRegistry [main] Adding type registration OffsetDateTimeWithTimezone -> org.hibernate.type.BasicTypeReference@a3cba3a
2024-03-21 00:28:18,397 [DEBUG] org.hibernate.type.BasicTypeRegistry [main] Adding type registration OffsetDateTimeWithoutTimezone -> org.hibernate.type.BasicTypeReference@2aea717c
2024-03-21 00:28:18,398 [DEBUG] org.hibernate.type.BasicTypeRegistry [main] Adding type registration OffsetTime -> org.hibernate.type.BasicTypeReference@5ca4dce5
2024-03-21 00:28:18,399 [DEBUG] org.hibernate.type.BasicTypeRegistry [main] Adding type registration java.time.OffsetTime -> org.hibernate.type.BasicTypeReference@5ca4dce5
2024-03-21 00:28:18,401 [DEBUG] org.hibernate.type.BasicTypeRegistry [main] Adding type registration OffsetTimeUtc -> org.hibernate.type.BasicTypeReference@1291aab5
2024-03-21 00:28:18,406 [DEBUG] org.hibernate.type.BasicTypeRegistry [main] Adding type registration OffsetTimeWithTimezone -> org.hibernate.type.BasicTypeReference@7d133fb7
2024-03-21 00:28:18,406 [DEBUG] org.hibernate.type.BasicTypeRegistry [main] Adding type registration OffsetTimeWithoutTimezone -> org.hibernate.type.BasicTypeReference@40bd0f8
2024-03-21 00:28:18,407 [DEBUG] org.hibernate.type.BasicTypeRegistry [main] Adding type registration ZonedDateTime -> org.hibernate.type.BasicTypeReference@7eb27768
2024-03-21 00:28:18,408 [DEBUG] org.hibernate.type.BasicTypeRegistry [main] Adding type registration java.time.ZonedDateTime -> org.hibernate.type.BasicTypeReference@7eb27768
2024-03-21 00:28:18,409 [DEBUG] org.hibernate.type.BasicTypeRegistry [main] Adding type registration ZonedDateTimeWithTimezone -> org.hibernate.type.BasicTypeReference@6169be09
2024-03-21 00:28:18,409 [DEBUG] org.hibernate.type.BasicTypeRegistry [main] Adding type registration ZonedDateTimeWithoutTimezone -> org.hibernate.type.BasicTypeReference@5e3db14
2024-03-21 00:28:18,410 [DEBUG] org.hibernate.type.BasicTypeRegistry [main] Adding type registration date -> org.hibernate.type.BasicTypeReference@5fb54740
2024-03-21 00:28:18,412 [DEBUG] org.hibernate.type.BasicTypeRegistry [main] Adding type registration java.sql.Date -> org.hibernate.type.BasicTypeReference@5fb54740
2024-03-21 00:28:18,413 [DEBUG] org.hibernate.type.BasicTypeRegistry [main] Adding type registration time -> org.hibernate.type.BasicTypeReference@325162e9
2024-03-21 00:28:18,414 [DEBUG] org.hibernate.type.BasicTypeRegistry [main] Adding type registration java.sql.Time -> org.hibernate.type.BasicTypeReference@325162e9
2024-03-21 00:28:18,415 [DEBUG] org.hibernate.type.BasicTypeRegistry [main] Adding type registration timestamp -> org.hibernate.type.BasicTypeReference@1ee40b5c
2024-03-21 00:28:18,415 [DEBUG] org.hibernate.type.BasicTypeRegistry [main] Adding type registration java.sql.Timestamp -> org.hibernate.type.BasicTypeReference@1ee40b5c
2024-03-21 00:28:18,416 [DEBUG] org.hibernate.type.BasicTypeRegistry [main] Adding type registration java.util.Date -> org.hibernate.type.BasicTypeReference@1ee40b5c
2024-03-21 00:28:18,416 [DEBUG] org.hibernate.type.BasicTypeRegistry [main] Adding type registration calendar -> org.hibernate.type.BasicTypeReference@5c448ef
2024-03-21 00:28:18,420 [DEBUG] org.hibernate.type.BasicTypeRegistry [main] Adding type registration java.util.Calendar -> org.hibernate.type.BasicTypeReference@5c448ef
2024-03-21 00:28:18,422 [DEBUG] org.hibernate.type.BasicTypeRegistry [main] Adding type registration java.util.GregorianCalendar -> org.hibernate.type.BasicTypeReference@5c448ef
2024-03-21 00:28:18,423 [DEBUG] org.hibernate.type.BasicTypeRegistry [main] Adding type registration calendar_date -> org.hibernate.type.BasicTypeReference@703e8050
2024-03-21 00:28:18,423 [DEBUG] org.hibernate.type.BasicTypeRegistry [main] Adding type registration calendar_time -> org.hibernate.type.BasicTypeReference@49c1e294
2024-03-21 00:28:18,424 [DEBUG] org.hibernate.type.BasicTypeRegistry [main] Adding type registration instant -> org.hibernate.type.BasicTypeReference@7741ae1b
2024-03-21 00:28:18,424 [DEBUG] org.hibernate.type.BasicTypeRegistry [main] Adding type registration java.time.Instant -> org.hibernate.type.BasicTypeReference@7741ae1b
2024-03-21 00:28:18,424 [DEBUG] org.hibernate.type.BasicTypeRegistry [main] Adding type registration uuid -> org.hibernate.type.BasicTypeReference@50e5032c
2024-03-21 00:28:18,425 [DEBUG] org.hibernate.type.BasicTypeRegistry [main] Adding type registration java.util.UUID -> org.hibernate.type.BasicTypeReference@50e5032c
2024-03-21 00:28:18,425 [DEBUG] org.hibernate.type.BasicTypeRegistry [main] Adding type registration pg-uuid -> org.hibernate.type.BasicTypeReference@50e5032c
2024-03-21 00:28:18,425 [DEBUG] org.hibernate.type.BasicTypeRegistry [main] Adding type registration uuid-binary -> org.hibernate.type.BasicTypeReference@545d2560
2024-03-21 00:28:18,429 [DEBUG] org.hibernate.type.BasicTypeRegistry [main] Adding type registration uuid-char -> org.hibernate.type.BasicTypeReference@124eb83d
2024-03-21 00:28:18,430 [DEBUG] org.hibernate.type.BasicTypeRegistry [main] Adding type registration class -> org.hibernate.type.BasicTypeReference@6885ed19
2024-03-21 00:28:18,431 [DEBUG] org.hibernate.type.BasicTypeRegistry [main] Adding type registration java.lang.Class -> org.hibernate.type.BasicTypeReference@6885ed19
2024-03-21 00:28:18,433 [DEBUG] org.hibernate.type.BasicTypeRegistry [main] Adding type registration currency -> org.hibernate.type.BasicTypeReference@10817f46
2024-03-21 00:28:18,434 [DEBUG] org.hibernate.type.BasicTypeRegistry [main] Adding type registration Currency -> org.hibernate.type.BasicTypeReference@10817f46
2024-03-21 00:28:18,435 [DEBUG] org.hibernate.type.BasicTypeRegistry [main] Adding type registration java.util.Currency -> org.hibernate.type.BasicTypeReference@10817f46
2024-03-21 00:28:18,437 [DEBUG] org.hibernate.type.BasicTypeRegistry [main] Adding type registration locale -> org.hibernate.type.BasicTypeReference@2d4a3e13
2024-03-21 00:28:18,439 [DEBUG] org.hibernate.type.BasicTypeRegistry [main] Adding type registration java.util.Locale -> org.hibernate.type.BasicTypeReference@2d4a3e13
2024-03-21 00:28:18,440 [DEBUG] org.hibernate.type.BasicTypeRegistry [main] Adding type registration serializable -> org.hibernate.type.BasicTypeReference@4a22e4d7
2024-03-21 00:28:18,440 [DEBUG] org.hibernate.type.BasicTypeRegistry [main] Adding type registration java.io.Serializable -> org.hibernate.type.BasicTypeReference@4a22e4d7
2024-03-21 00:28:18,441 [DEBUG] org.hibernate.type.BasicTypeRegistry [main] Adding type registration timezone -> org.hibernate.type.BasicTypeReference@d8835af
2024-03-21 00:28:18,441 [DEBUG] org.hibernate.type.BasicTypeRegistry [main] Adding type registration java.util.TimeZone -> org.hibernate.type.BasicTypeReference@d8835af
2024-03-21 00:28:18,442 [DEBUG] org.hibernate.type.BasicTypeRegistry [main] Adding type registration ZoneOffset -> org.hibernate.type.BasicTypeReference@16681017
2024-03-21 00:28:18,442 [DEBUG] org.hibernate.type.BasicTypeRegistry [main] Adding type registration java.time.ZoneOffset -> org.hibernate.type.BasicTypeReference@16681017
2024-03-21 00:28:18,443 [DEBUG] org.hibernate.type.BasicTypeRegistry [main] Adding type registration url -> org.hibernate.type.BasicTypeReference@6aae0e6f
2024-03-21 00:28:18,446 [DEBUG] org.hibernate.type.BasicTypeRegistry [main] Adding type registration java.net.URL -> org.hibernate.type.BasicTypeReference@6aae0e6f
2024-03-21 00:28:18,447 [DEBUG] org.hibernate.type.BasicTypeRegistry [main] Adding type registration vector -> org.hibernate.type.BasicTypeReference@37775bb1
2024-03-21 00:28:18,449 [DEBUG] org.hibernate.type.BasicTypeRegistry [main] Adding type registration row_version -> org.hibernate.type.BasicTypeReference@7b9e25bd
2024-03-21 00:28:18,460 [DEBUG] org.hibernate.type.BasicTypeRegistry [main] Adding type registration object -> org.hibernate.type.JavaObjectType@5122e4bf
2024-03-21 00:28:18,460 [DEBUG] org.hibernate.type.BasicTypeRegistry [main] Adding type registration java.lang.Object -> org.hibernate.type.JavaObjectType@5122e4bf
2024-03-21 00:28:18,464 [DEBUG] org.hibernate.type.BasicTypeRegistry [main] Adding type registration null -> org.hibernate.type.NullType@226d5af0
2024-03-21 00:28:18,464 [DEBUG] org.hibernate.type.BasicTypeRegistry [main] Adding type registration imm_date -> org.hibernate.type.BasicTypeReference@527937d0
2024-03-21 00:28:18,465 [DEBUG] org.hibernate.type.BasicTypeRegistry [main] Adding type registration imm_time -> org.hibernate.type.BasicTypeReference@36d582cb
2024-03-21 00:28:18,466 [DEBUG] org.hibernate.type.BasicTypeRegistry [main] Adding type registration imm_timestamp -> org.hibernate.type.BasicTypeReference@6c2a95d5
2024-03-21 00:28:18,466 [DEBUG] org.hibernate.type.BasicTypeRegistry [main] Adding type registration imm_calendar -> org.hibernate.type.BasicTypeReference@24d8f87a
2024-03-21 00:28:18,467 [DEBUG] org.hibernate.type.BasicTypeRegistry [main] Adding type registration imm_calendar_date -> org.hibernate.type.BasicTypeReference@3f048c86
2024-03-21 00:28:18,468 [DEBUG] org.hibernate.type.BasicTypeRegistry [main] Adding type registration imm_calendar_time -> org.hibernate.type.BasicTypeReference@255d9277
2024-03-21 00:28:18,470 [DEBUG] org.hibernate.type.BasicTypeRegistry [main] Adding type registration imm_binary -> org.hibernate.type.BasicTypeReference@1de13f34
2024-03-21 00:28:18,471 [DEBUG] org.hibernate.type.BasicTypeRegistry [main] Adding type registration imm_serializable -> org.hibernate.type.BasicTypeReference@7e191fda
2024-03-21 00:28:18,751 [INFO] org.springframework.orm.jpa.persistenceunit.SpringPersistenceUnitInfo [main] No LoadTimeWeaver setup: ignoring JPA class transformer
2024-03-21 00:28:18,806 [INFO] com.zaxxer.hikari.HikariDataSource [main] HikariPool-1 - Starting...
2024-03-21 00:28:19,471 [INFO] com.zaxxer.hikari.pool.HikariPool [main] HikariPool-1 - Added connection com.mysql.cj.jdbc.ConnectionImpl@15cee630
2024-03-21 00:28:19,478 [INFO] com.zaxxer.hikari.HikariDataSource [main] HikariPool-1 - Start completed.
2024-03-21 00:28:19,698 [WARN] org.hibernate.orm.deprecation [main] HHH90000025: MySQL8Dialect does not need to be specified explicitly using 'hibernate.dialect' (remove the property setting and it will be selected by default)
2024-03-21 00:28:19,714 [WARN] org.hibernate.orm.deprecation [main] HHH90000026: MySQL8Dialect has been deprecated; use org.hibernate.dialect.MySQLDialect instead
2024-03-21 00:28:19,840 [DEBUG] org.hibernate.type.descriptor.sql.spi.DdlTypeRegistry [main] addDescriptor(12, org.hibernate.type.descriptor.sql.internal.CapacityDependentDdlType@2ceb68a1) replaced previous registration(org.hibernate.type.descriptor.sql.internal.CapacityDependentDdlType@6de33fde)
2024-03-21 00:28:19,844 [DEBUG] org.hibernate.type.descriptor.sql.spi.DdlTypeRegistry [main] addDescriptor(-9, org.hibernate.type.descriptor.sql.internal.CapacityDependentDdlType@69c33ea2) replaced previous registration(org.hibernate.type.descriptor.sql.internal.CapacityDependentDdlType@59e0d521)
2024-03-21 00:28:19,864 [DEBUG] org.hibernate.type.descriptor.sql.spi.DdlTypeRegistry [main] addDescriptor(-3, org.hibernate.type.descriptor.sql.internal.CapacityDependentDdlType@2e3900dc) replaced previous registration(org.hibernate.type.descriptor.sql.internal.CapacityDependentDdlType@5ad0c70a)
2024-03-21 00:28:19,879 [DEBUG] org.hibernate.type.descriptor.sql.spi.DdlTypeRegistry [main] addDescriptor(4003, org.hibernate.type.descriptor.sql.internal.DdlTypeImpl@2a16d4dc) replaced previous registration(org.hibernate.type.descriptor.sql.internal.DdlTypeImpl@75805562)
2024-03-21 00:28:19,881 [DEBUG] org.hibernate.type.descriptor.sql.spi.DdlTypeRegistry [main] addDescriptor(4001, org.hibernate.type.descriptor.sql.internal.DdlTypeImpl@13d984ee) replaced previous registration(org.hibernate.type.descriptor.sql.internal.DdlTypeImpl@4fedf908)
2024-03-21 00:28:19,892 [DEBUG] org.hibernate.type.descriptor.sql.spi.DdlTypeRegistry [main] addDescriptor(4002, org.hibernate.type.descriptor.sql.internal.DdlTypeImpl@5341641d) replaced previous registration(org.hibernate.type.descriptor.sql.internal.DdlTypeImpl@241d1052)
2024-03-21 00:28:19,898 [DEBUG] org.hibernate.type.descriptor.sql.spi.DdlTypeRegistry [main] addDescriptor(2004, org.hibernate.type.descriptor.sql.internal.CapacityDependentDdlType@7b3c0ecb) replaced previous registration(org.hibernate.type.descriptor.sql.internal.DdlTypeImpl@5bb99d1d)
2024-03-21 00:28:19,899 [DEBUG] org.hibernate.type.descriptor.sql.spi.DdlTypeRegistry [main] addDescriptor(2005, org.hibernate.type.descriptor.sql.internal.CapacityDependentDdlType@3006bfb) replaced previous registration(org.hibernate.type.descriptor.sql.internal.DdlTypeImpl@4fd37449)
2024-03-21 00:28:19,907 [DEBUG] org.hibernate.type.descriptor.sql.spi.DdlTypeRegistry [main] addDescriptor(2011, org.hibernate.type.descriptor.sql.internal.CapacityDependentDdlType@5402612e) replaced previous registration(org.hibernate.type.descriptor.sql.internal.DdlTypeImpl@43445fc6)
2024-03-21 00:28:19,965 [DEBUG] org.hibernate.type.descriptor.jdbc.spi.JdbcTypeRegistry [main] addDescriptor(NCharTypeDescriptor) replaced previous registration(CharTypeDescriptor)
2024-03-21 00:28:19,973 [DEBUG] org.hibernate.type.descriptor.jdbc.spi.JdbcTypeRegistry [main] addDescriptor(NVarcharTypeDescriptor) replaced previous registration(VarcharTypeDescriptor)
2024-03-21 00:28:19,975 [DEBUG] org.hibernate.type.descriptor.jdbc.spi.JdbcTypeRegistry [main] addDescriptor(LongNVarcharTypeDescriptor) replaced previous registration(LongVarcharTypeDescriptor)
2024-03-21 00:28:19,991 [DEBUG] org.hibernate.type.descriptor.jdbc.spi.JdbcTypeRegistry [main] addDescriptor(NClobTypeDescriptor(DEFAULT)) replaced previous registration(ClobTypeDescriptor(DEFAULT))
2024-03-21 00:28:19,995 [DEBUG] org.hibernate.type.descriptor.jdbc.spi.JdbcTypeRegistry [main] addDescriptor(2005, ClobTypeDescriptor(STREAM_BINDING)) replaced previous registration(ClobTypeDescriptor(DEFAULT))
2024-03-21 00:28:20,057 [DEBUG] org.hibernate.type.BasicTypeRegistry [main] Adding type registration null -> org.hibernate.type.NullType@644947ee
2024-03-21 00:28:20,058 [DEBUG] org.hibernate.type.BasicTypeRegistry [main] Type registration key [null] overrode previous entry : `org.hibernate.type.NullType@226d5af0`
2024-03-21 00:28:20,065 [DEBUG] org.hibernate.type.BasicTypeRegistry [main] Adding type registration org.hibernate.type.DurationType -> basicType@1(java.time.Duration,3015)
2024-03-21 00:28:20,066 [DEBUG] org.hibernate.type.BasicTypeRegistry [main] Adding type registration Duration -> basicType@1(java.time.Duration,3015)
2024-03-21 00:28:20,067 [DEBUG] org.hibernate.type.BasicTypeRegistry [main] Adding type registration java.time.Duration -> basicType@1(java.time.Duration,3015)
2024-03-21 00:28:20,081 [DEBUG] org.hibernate.type.BasicTypeRegistry [main] Adding type registration org.hibernate.type.OffsetDateTimeType -> basicType@2(java.time.OffsetDateTime,3003)
2024-03-21 00:28:20,093 [DEBUG] org.hibernate.type.BasicTypeRegistry [main] Adding type registration OffsetDateTime -> basicType@2(java.time.OffsetDateTime,3003)
2024-03-21 00:28:20,094 [DEBUG] org.hibernate.type.BasicTypeRegistry [main] Adding type registration java.time.OffsetDateTime -> basicType@2(java.time.OffsetDateTime,3003)
2024-03-21 00:28:20,096 [DEBUG] org.hibernate.type.BasicTypeRegistry [main] Adding type registration org.hibernate.type.ZonedDateTimeType -> basicType@3(java.time.ZonedDateTime,3003)
2024-03-21 00:28:20,097 [DEBUG] org.hibernate.type.BasicTypeRegistry [main] Adding type registration ZonedDateTime -> basicType@3(java.time.ZonedDateTime,3003)
2024-03-21 00:28:20,112 [DEBUG] org.hibernate.type.BasicTypeRegistry [main] Adding type registration java.time.ZonedDateTime -> basicType@3(java.time.ZonedDateTime,3003)
2024-03-21 00:28:20,116 [DEBUG] org.hibernate.type.BasicTypeRegistry [main] Adding type registration org.hibernate.type.OffsetTimeType -> basicType@4(java.time.OffsetTime,3007)
2024-03-21 00:28:20,116 [DEBUG] org.hibernate.type.BasicTypeRegistry [main] Adding type registration OffsetTime -> basicType@4(java.time.OffsetTime,3007)
2024-03-21 00:28:20,120 [DEBUG] org.hibernate.type.BasicTypeRegistry [main] Adding type registration java.time.OffsetTime -> basicType@4(java.time.OffsetTime,3007)
2024-03-21 00:28:20,123 [DEBUG] org.hibernate.type.spi.TypeConfiguration$Scope [main] Scoping TypeConfiguration [org.hibernate.type.spi.TypeConfiguration@25216999] to MetadataBuildingContext [org.hibernate.boot.internal.MetadataBuildingContextRootImpl@77e6761f]
2024-03-21 00:28:21,774 [INFO] org.hibernate.engine.transaction.jta.platform.internal.JtaPlatformInitiator [main] HHH000489: No JTA platform available (set 'hibernate.transaction.jta.platform' to enable JTA platform integration)
2024-03-21 00:28:21,776 [DEBUG] org.hibernate.type.spi.TypeConfiguration$Scope [main] Scoping TypeConfiguration [org.hibernate.type.spi.TypeConfiguration@25216999] to SessionFactoryImplementor [org.hibernate.internal.SessionFactoryImpl@7e741d6b]
2024-03-21 00:28:21,956 [TRACE] org.hibernate.type.spi.TypeConfiguration$Scope [main] Handling #sessionFactoryCreated from [org.hibernate.internal.SessionFactoryImpl@7e741d6b] for TypeConfiguration
2024-03-21 00:28:21,957 [INFO] org.springframework.orm.jpa.LocalContainerEntityManagerFactoryBean [main] Initialized JPA EntityManagerFactory for persistence unit 'default'
2024-03-21 00:28:23,680 [WARN] org.springframework.boot.autoconfigure.orm.jpa.JpaBaseConfiguration$JpaWebConfiguration [main] spring.jpa.open-in-view is enabled by default. Therefore, database queries may be performed during view rendering. Explicitly configure spring.jpa.open-in-view to disable this warning
2024-03-21 00:28:24,692 [INFO] org.springframework.security.web.DefaultSecurityFilterChain [main] Will secure any request with [org.springframework.security.web.session.DisableEncodeUrlFilter@39e91bda, org.springframework.security.web.context.request.async.WebAsyncManagerIntegrationFilter@2c3f81ef, org.springframework.security.web.context.SecurityContextHolderFilter@77e24d3c, org.springframework.security.web.header.HeaderWriterFilter@5f815f93, org.springframework.web.filter.CorsFilter@374013e8, org.springframework.security.web.authentication.logout.LogoutFilter@5799b8a2, org.springframework.security.oauth2.server.resource.web.authentication.BearerTokenAuthenticationFilter@403b7be3, org.springframework.security.web.savedrequest.RequestCacheAwareFilter@4f1ea463, org.springframework.security.web.servletapi.SecurityContextHolderAwareRequestFilter@3a641f6, org.springframework.security.web.authentication.AnonymousAuthenticationFilter@712dd0b0, org.springframework.security.web.session.SessionManagementFilter@bb3487c, org.springframework.security.web.access.ExceptionTranslationFilter@551976c2, org.springframework.security.web.access.intercept.AuthorizationFilter@765e5a55]
2024-03-21 00:28:25,360 [INFO] org.springframework.boot.web.embedded.tomcat.TomcatWebServer [main] Tomcat started on port 8091 (http) with context path ''
2024-03-21 00:28:25,397 [INFO] rishav.example.SpringRestDemo.SpringRestDemoApplication [main] Started SpringRestDemoApplication in 15.417 seconds (process running for 16.725)
2024-03-21 00:28:25,642 [DEBUG] org.hibernate.SQL [main] select next_val as id_val from accounts_seq for update
2024-03-21 00:28:25,697 [DEBUG] org.hibernate.SQL [main] update accounts_seq set next_val= ? where next_val=?
2024-03-21 00:28:25,822 [DEBUG] org.hibernate.SQL [main] insert into accounts (authorities,email,password,id) values (?,?,?,?)
2024-03-21 00:28:25,950 [DEBUG] org.hibernate.SQL [main] insert into accounts (authorities,email,password,id) values (?,?,?,?)
2024-03-21 00:28:55,727 [INFO] org.apache.catalina.core.ContainerBase.[Tomcat].[localhost].[/] [http-nio-8091-exec-1] Initializing Spring DispatcherServlet 'dispatcherServlet'
2024-03-21 00:28:55,730 [INFO] org.springframework.web.servlet.DispatcherServlet [http-nio-8091-exec-1] Initializing Servlet 'dispatcherServlet'
2024-03-21 00:28:55,737 [INFO] org.springframework.web.servlet.DispatcherServlet [http-nio-8091-exec-1] Completed initialization in 7 ms
2024-03-21 00:28:57,270 [INFO] org.springdoc.api.AbstractOpenApiResource [http-nio-8091-exec-9] Init duration for springdoc-openapi is: 847 ms
2024-03-21 00:29:20,918 [DEBUG] org.hibernate.SQL [http-nio-8091-exec-6] select a1_0.id,a1_0.authorities,a1_0.email,a1_0.password from accounts a1_0 where a1_0.email=?
2024-03-21 00:30:01,456 [DEBUG] org.hibernate.SQL [http-nio-8091-exec-7] select a1_0.id,a1_0.authorities,a1_0.email,a1_0.password from accounts a1_0 where a1_0.email=?
2024-03-21 00:30:01,490 [DEBUG] org.hibernate.SQL [http-nio-8091-exec-7] select a1_0.id,a1_0.account_id,a2_0.id,a2_0.authorities,a2_0.email,a2_0.password,a1_0.description,a1_0.name from albums a1_0 join accounts a2_0 on a2_0.id=a1_0.account_id where a1_0.id=?
2024-03-21 00:30:01,506 [DEBUG] org.hibernate.SQL [http-nio-8091-exec-7] update albums set account_id=?,description=?,name=? where id=?
2024-03-21 00:30:01,540 [DEBUG] org.hibernate.SQL [http-nio-8091-exec-7] select p1_0.id,p1_0.album_id,p1_0.description,p1_0.file_name,p1_0.name,p1_0.original_file_name from photos p1_0 left join albums a1_0 on a1_0.id=p1_0.album_id where a1_0.id=?
2024-03-21 00:30:35,889 [DEBUG] org.hibernate.SQL [http-nio-8091-exec-9] select a1_0.id,a1_0.authorities,a1_0.email,a1_0.password from accounts a1_0 where a1_0.email=?
2024-03-21 00:30:35,913 [DEBUG] org.hibernate.SQL [http-nio-8091-exec-9] select a1_0.id,a1_0.account_id,a1_0.description,a1_0.name from albums a1_0 left join accounts a2_0 on a2_0.id=a1_0.account_id where a2_0.id=?
2024-03-21 00:30:35,922 [DEBUG] org.hibernate.SQL [http-nio-8091-exec-9] select p1_0.id,p1_0.album_id,p1_0.description,p1_0.file_name,p1_0.name,p1_0.original_file_name from photos p1_0 left join albums a1_0 on a1_0.id=p1_0.album_id where a1_0.id=?
2024-03-21 00:30:35,929 [DEBUG] org.hibernate.SQL [http-nio-8091-exec-9] select p1_0.id,p1_0.album_id,p1_0.description,p1_0.file_name,p1_0.name,p1_0.original_file_name from photos p1_0 left join albums a1_0 on a1_0.id=p1_0.album_id where a1_0.id=?
2024-03-21 00:30:35,929 [DEBUG] org.hibernate.SQL [http-nio-8091-exec-9] select p1_0.id,p1_0.album_id,p1_0.description,p1_0.file_name,p1_0.name,p1_0.original_file_name from photos p1_0 left join albums a1_0 on a1_0.id=p1_0.album_id where a1_0.id=?
2024-03-21 00:30:35,938 [DEBUG] org.hibernate.SQL [http-nio-8091-exec-9] select p1_0.id,p1_0.album_id,p1_0.description,p1_0.file_name,p1_0.name,p1_0.original_file_name from photos p1_0 left join albums a1_0 on a1_0.id=p1_0.album_id where a1_0.id=?
2024-03-21 00:30:35,949 [DEBUG] org.hibernate.SQL [http-nio-8091-exec-9] select p1_0.id,p1_0.album_id,p1_0.description,p1_0.file_name,p1_0.name,p1_0.original_file_name from photos p1_0 left join albums a1_0 on a1_0.id=p1_0.album_id where a1_0.id=?
2024-03-21 00:30:35,949 [DEBUG] org.hibernate.SQL [http-nio-8091-exec-9] select p1_0.id,p1_0.album_id,p1_0.description,p1_0.file_name,p1_0.name,p1_0.original_file_name from photos p1_0 left join albums a1_0 on a1_0.id=p1_0.album_id where a1_0.id=?
2024-03-21 00:30:35,969 [DEBUG] org.hibernate.SQL [http-nio-8091-exec-9] select p1_0.id,p1_0.album_id,p1_0.description,p1_0.file_name,p1_0.name,p1_0.original_file_name from photos p1_0 left join albums a1_0 on a1_0.id=p1_0.album_id where a1_0.id=?
2024-03-21 00:30:35,969 [DEBUG] org.hibernate.SQL [http-nio-8091-exec-9] select p1_0.id,p1_0.album_id,p1_0.description,p1_0.file_name,p1_0.name,p1_0.original_file_name from photos p1_0 left join albums a1_0 on a1_0.id=p1_0.album_id where a1_0.id=?
